  source.cpp
c:\program files (x86)\windows kits\10\include\10.0.17763.0\ucrt\corecrt_wstring.h(89): error C2760: syntax error: unexpected token ',', expected ')'
c:\program files (x86)\windows kits\10\include\10.0.17763.0\ucrt\corecrt_wstring.h(114): error C2760: syntax error: unexpected token ',', expected ')'
c:\program files (x86)\windows kits\10\include\10.0.17763.0\ucrt\corecrt_wstring.h(176): error C2760: syntax error: unexpected token ',', expected ')'
c:\program files (x86)\windows kits\10\include\10.0.17763.0\ucrt\corecrt_wstring.h(198): error C2760: syntax error: unexpected token ',', expected ')'
c:\program files (x86)\windows kits\10\include\10.0.17763.0\ucrt\corecrt_wstring.h(289): error C2760: syntax error: unexpected token ',', expected ')'
c:\program files (x86)\windows kits\10\include\10.0.17763.0\ucrt\corecrt_wstring.h(308): error C2760: syntax error: unexpected token ',', expected ')'
c:\program files (x86)\windows kits\10\include\10.0.17763.0\ucrt\corecrt_wstring.h(345): error C2760: syntax error: unexpected token ',', expected ')'
c:\program files (x86)\windows kits\10\include\10.0.17763.0\ucrt\corecrt_wstring.h(370): error C2760: syntax error: unexpected token ',', expected ')'
c:\program files (x86)\windows kits\10\include\10.0.17763.0\ucrt\corecrt_wstring.h(388): error C2760: syntax error: unexpected token ',', expected ')'
c:\program files (x86)\windows kits\10\include\10.0.17763.0\ucrt\corecrt_wstring.h(405): error C2760: syntax error: unexpected token ',', expected ')'
c:\program files (x86)\windows kits\10\include\10.0.17763.0\ucrt\corecrt_wstring.h(424): error C2760: syntax error: unexpected token ',', expected ')'
c:\program files (x86)\windows kits\10\include\10.0.17763.0\ucrt\corecrt_wstring.h(441): error C2760: syntax error: unexpected token ',', expected ')'
c:\program files (x86)\windows kits\10\include\10.0.17763.0\ucrt\string.h(79): error C2760: syntax error: unexpected token ',', expected ')'
c:\program files (x86)\windows kits\10\include\10.0.17763.0\ucrt\string.h(124): error C2760: syntax error: unexpected token ',', expected ')'
c:\program files (x86)\windows kits\10\include\10.0.17763.0\ucrt\string.h(174): error C2760: syntax error: unexpected token ',', expected ')'
c:\program files (x86)\windows kits\10\include\10.0.17763.0\ucrt\string.h(186): error C2760: syntax error: unexpected token ',', expected ')'
c:\program files (x86)\windows kits\10\include\10.0.17763.0\ucrt\string.h(229): error C2760: syntax error: unexpected token ',', expected ')'
c:\program files (x86)\windows kits\10\include\10.0.17763.0\ucrt\string.h(246): error C2760: syntax error: unexpected token ',', expected ')'
c:\program files (x86)\windows kits\10\include\10.0.17763.0\ucrt\string.h(259): error C2760: syntax error: unexpected token ',', expected ')'
c:\program files (x86)\windows kits\10\include\10.0.17763.0\ucrt\string.h(331): error C2760: syntax error: unexpected token ',', expected ')'
c:\program files (x86)\windows kits\10\include\10.0.17763.0\ucrt\string.h(389): error C2760: syntax error: unexpected token ',', expected ')'
c:\program files (x86)\windows kits\10\include\10.0.17763.0\ucrt\string.h(421): error C2760: syntax error: unexpected token ',', expected ')'
c:\program files (x86)\windows kits\10\include\10.0.17763.0\ucrt\string.h(451): error C2760: syntax error: unexpected token ',', expected ')'
c:\program files (x86)\windows kits\10\include\10.0.17763.0\ucrt\string.h(468): error C2760: syntax error: unexpected token ',', expected ')'
c:\program files (x86)\windows kits\10\include\10.0.17763.0\ucrt\corecrt_wstdlib.h(57): error C2760: syntax error: unexpected token ',', expected ')'
c:\program files (x86)\windows kits\10\include\10.0.17763.0\ucrt\corecrt_wstdlib.h(80): error C2760: syntax error: unexpected token ',', expected ')'
c:\program files (x86)\windows kits\10\include\10.0.17763.0\ucrt\corecrt_wstdlib.h(102): error C2760: syntax error: unexpected token ',', expected ')'
c:\program files (x86)\windows kits\10\include\10.0.17763.0\ucrt\corecrt_wstdlib.h(353): error C2760: syntax error: unexpected token ',', expected ')'
c:\program files (x86)\windows kits\10\include\10.0.17763.0\ucrt\corecrt_wstdlib.h(400): error C2760: syntax error: unexpected token ',', expected ')'
c:\program files (x86)\windows kits\10\include\10.0.17763.0\ucrt\corecrt_wstdlib.h(431): error C2760: syntax error: unexpected token ',', expected ')'
c:\program files (x86)\windows kits\10\include\10.0.17763.0\ucrt\corecrt_wstdlib.h(457): error C2760: syntax error: unexpected token ',', expected ')'
c:\program files (x86)\windows kits\10\include\10.0.17763.0\ucrt\stdlib.h(629): error C2760: syntax error: unexpected token ',', expected ')'
c:\program files (x86)\windows kits\10\include\10.0.17763.0\ucrt\stdlib.h(657): error C2760: syntax error: unexpected token ',', expected ')'
c:\program files (x86)\windows kits\10\include\10.0.17763.0\ucrt\stdlib.h(680): error C2760: syntax error: unexpected token ',', expected ')'
c:\program files (x86)\windows kits\10\include\10.0.17763.0\ucrt\stdlib.h(753): error C2760: syntax error: unexpected token ',', expected ')'
c:\program files (x86)\windows kits\10\include\10.0.17763.0\ucrt\stdlib.h(781): error C2760: syntax error: unexpected token ',', expected ')'
c:\program files (x86)\windows kits\10\include\10.0.17763.0\ucrt\stdlib.h(808): error C2760: syntax error: unexpected token ',', expected ')'
c:\program files (x86)\windows kits\10\include\10.0.17763.0\ucrt\stdlib.h(919): error C2760: syntax error: unexpected token ',', expected ')'
c:\program files (x86)\windows kits\10\include\10.0.17763.0\ucrt\stdlib.h(944): error C2760: syntax error: unexpected token ',', expected ')'
c:\program files (x86)\windows kits\10\include\10.0.17763.0\ucrt\stdlib.h(1007): error C2760: syntax error: unexpected token ',', expected ')'
c:\program files (x86)\windows kits\10\include\10.0.17763.0\ucrt\stdlib.h(1032): error C2760: syntax error: unexpected token ',', expected ')'
c:\program files (x86)\windows kits\10\include\10.0.17763.0\ucrt\stdlib.h(1089): error C2760: syntax error: unexpected token ',', expected ')'
c:\program files (x86)\windows kits\10\include\10.0.17763.0\ucrt\stdlib.h(1133): error C2760: syntax error: unexpected token ',', expected ')'
c:\program files (x86)\windows kits\10\include\10.0.17763.0\ucrt\stdlib.h(1195): error C2760: syntax error: unexpected token ',', expected ')'
c:\program files (x86)\windows kits\10\include\10.0.17763.0\ucrt\stdlib.h(1247): error C2760: syntax error: unexpected token ',', expected ')'
c:\program files (x86)\windows kits\10\include\10.0.17763.0\um\unknwnbase.h(130): error C2760: syntax error: unexpected token ',', expected ')'
  c:\program files (x86)\windows kits\10\include\10.0.17763.0\um\unknwnbase.h(130): note: This diagnostic occurred in the compiler generated function 'HRESULT IUnknown::QueryInterface(Q **)'
c:\program files (x86)\windows kits\10\include\10.0.17763.0\um\combaseapi.h(358): error C2760: syntax error: unexpected token '}', expected 'statement'
  c:\program files (x86)\windows kits\10\include\10.0.17763.0\um\combaseapi.h(358): note: This diagnostic occurred in the compiler generated function 'void **IID_PPV_ARGS_Helper(T **)'
c:\program files (x86)\windows kits\10\include\10.0.17763.0\um\objidlbase.h(7729): error C2760: syntax error: unexpected token ',', expected ')'
  c:\program files (x86)\windows kits\10\include\10.0.17763.0\um\objidlbase.h(7729): note: This diagnostic occurred in the compiler generated function 'HRESULT IAgileReference::Resolve(Q **)'
c:\program files (x86)\windows kits\10\include\10.0.17763.0\um\servprov.h(109): error C2760: syntax error: unexpected token ',', expected ')'
  c:\program files (x86)\windows kits\10\include\10.0.17763.0\um\servprov.h(109): note: This diagnostic occurred in the compiler generated function 'HRESULT IServiceProvider::QueryService(const GUID &,Q **)'
c:\program files (x86)\windows kits\10\include\10.0.17763.0\ucrt\corecrt_wstdio.h(95): error C2760: syntax error: unexpected token ',', expected ')'
c:\program files (x86)\windows kits\10\include\10.0.17763.0\ucrt\corecrt_wstdio.h(201): error C2760: syntax error: unexpected token ',', expected ')'
c:\program files (x86)\windows kits\10\include\10.0.17763.0\ucrt\corecrt_wstdio.h(1139): error C2760: syntax error: unexpected token ',', expected ')'
c:\program files (x86)\windows kits\10\include\10.0.17763.0\ucrt\corecrt_wstdio.h(1292): error C2760: syntax error: unexpected token ',', expected ')'
c:\program files (x86)\windows kits\10\include\10.0.17763.0\ucrt\corecrt_wstdio.h(1550): error C2760: syntax error: unexpected token 'void', expected 'expression'
c:\program files (x86)\windows kits\10\include\10.0.17763.0\ucrt\corecrt_wstdio.h(1733): error C2760: syntax error: unexpected token 'void', expected 'expression'
c:\program files (x86)\windows kits\10\include\10.0.17763.0\ucrt\corecrt_wstdio.h(1971): error C2760: syntax error: unexpected token ',', expected ')'
c:\program files (x86)\windows kits\10\include\10.0.17763.0\ucrt\stdio.h(311): error C2760: syntax error: unexpected token ',', expected ')'
c:\program files (x86)\windows kits\10\include\10.0.17763.0\ucrt\stdio.h(432): error C2760: syntax error: unexpected token ',', expected ')'
c:\program files (x86)\windows kits\10\include\10.0.17763.0\ucrt\stdio.h(1524): error C2760: syntax error: unexpected token ',', expected ')'
c:\program files (x86)\windows kits\10\include\10.0.17763.0\ucrt\stdio.h(1610): error C2760: syntax error: unexpected token ',', expected ')'
c:\program files (x86)\windows kits\10\include\10.0.17763.0\ucrt\stdio.h(1638): error C2760: syntax error: unexpected token ',', expected ')'
c:\program files (x86)\windows kits\10\include\10.0.17763.0\ucrt\stdio.h(1853): error C2760: syntax error: unexpected token 'void', expected 'expression'
c:\program files (x86)\windows kits\10\include\10.0.17763.0\ucrt\stdio.h(2073): error C2760: syntax error: unexpected token 'void', expected 'expression'
c:\program files (x86)\windows kits\10\include\10.0.17763.0\ucrt\stdio.h(2232): error C2760: syntax error: unexpected token ',', expected ')'
c:\program files (x86)\windows kits\10\include\10.0.17763.0\ucrt\mbstring.h(97): error C2760: syntax error: unexpected token ',', expected ')'
c:\program files (x86)\windows kits\10\include\10.0.17763.0\ucrt\mbstring.h(121): error C2760: syntax error: unexpected token ',', expected ')'
c:\program files (x86)\windows kits\10\include\10.0.17763.0\ucrt\mbstring.h(181): error C2760: syntax error: unexpected token ',', expected ')'
c:\program files (x86)\windows kits\10\include\10.0.17763.0\ucrt\mbstring.h(205): error C2760: syntax error: unexpected token ',', expected ')'
c:\program files (x86)\windows kits\10\include\10.0.17763.0\ucrt\mbstring.h(316): error C2760: syntax error: unexpected token ',', expected ')'
c:\program files (x86)\windows kits\10\include\10.0.17763.0\ucrt\mbstring.h(332): error C2760: syntax error: unexpected token ',', expected ')'
c:\program files (x86)\windows kits\10\include\10.0.17763.0\ucrt\mbstring.h(352): error C2760: syntax error: unexpected token ',', expected ')'
c:\program files (x86)\windows kits\10\include\10.0.17763.0\ucrt\mbstring.h(379): error C2760: syntax error: unexpected token ',', expected ')'
c:\program files (x86)\windows kits\10\include\10.0.17763.0\ucrt\mbstring.h(446): error C2760: syntax error: unexpected token ',', expected ')'
c:\program files (x86)\windows kits\10\include\10.0.17763.0\ucrt\mbstring.h(473): error C2760: syntax error: unexpected token ',', expected ')'
c:\program files (x86)\windows kits\10\include\10.0.17763.0\ucrt\mbstring.h(527): error C2760: syntax error: unexpected token ',', expected ')'
c:\program files (x86)\windows kits\10\include\10.0.17763.0\ucrt\mbstring.h(550): error C2760: syntax error: unexpected token ',', expected ')'
c:\program files (x86)\windows kits\10\include\10.0.17763.0\ucrt\mbstring.h(574): error C2760: syntax error: unexpected token ',', expected ')'
c:\program files (x86)\windows kits\10\include\10.0.17763.0\ucrt\mbstring.h(601): error C2760: syntax error: unexpected token ',', expected ')'
c:\program files (x86)\windows kits\10\include\10.0.17763.0\ucrt\mbstring.h(668): error C2760: syntax error: unexpected token ',', expected ')'
c:\program files (x86)\windows kits\10\include\10.0.17763.0\ucrt\mbstring.h(695): error C2760: syntax error: unexpected token ',', expected ')'
c:\program files (x86)\windows kits\10\include\10.0.17763.0\ucrt\mbstring.h(773): error C2760: syntax error: unexpected token ',', expected ')'
c:\program files (x86)\windows kits\10\include\10.0.17763.0\ucrt\mbstring.h(796): error C2760: syntax error: unexpected token ',', expected ')'
c:\program files (x86)\windows kits\10\include\10.0.17763.0\ucrt\mbstring.h(854): error C2760: syntax error: unexpected token ',', expected ')'
c:\program files (x86)\windows kits\10\include\10.0.17763.0\ucrt\mbstring.h(874): error C2760: syntax error: unexpected token ',', expected ')'
c:\program files (x86)\windows kits\10\include\10.0.17763.0\ucrt\mbstring.h(966): error C2760: syntax error: unexpected token ',', expected ')'
c:\program files (x86)\windows kits\10\include\10.0.17763.0\ucrt\mbstring.h(982): error C2760: syntax error: unexpected token ',', expected ')'
c:\program files (x86)\windows kits\10\include\10.0.17763.0\ucrt\mbstring.h(1031): error C2760: syntax error: unexpected token ',', expected ')'
c:\program files (x86)\windows kits\10\include\10.0.17763.0\ucrt\mbstring.h(1046): error C2760: syntax error: unexpected token ',', expected ')'
c:\program files (x86)\windows kits\10\include\10.0.17763.0\ucrt\tchar.h(1514): error C2760: syntax error: unexpected token ',', expected ')'
c:\program files (x86)\windows kits\10\include\10.0.17763.0\ucrt\tchar.h(1532): error C2760: syntax error: unexpected token ',', expected ')'
c:\program files (x86)\windows kits\10\include\10.0.17763.0\ucrt\tchar.h(1549): error C2760: syntax error: unexpected token ',', expected ')'
c:\program files (x86)\windows kits\10\include\10.0.17763.0\ucrt\tchar.h(1567): error C2760: syntax error: unexpected token ',', expected ')'
c:\program files (x86)\windows kits\10\include\10.0.17763.0\ucrt\tchar.h(1616): error C2760: syntax error: unexpected token ',', expected ')'
c:\program files (x86)\windows kits\10\include\10.0.17763.0\ucrt\tchar.h(1633): error C2760: syntax error: unexpected token ',', expected ')'
c:\program files (x86)\windows kits\10\include\10.0.17763.0\ucrt\tchar.h(1652): error C2760: syntax error: unexpected token ',', expected ')'
c:\program files (x86)\windows kits\10\include\10.0.17763.0\ucrt\tchar.h(1669): error C2760: syntax error: unexpected token ',', expected ')'
c:\program files (x86)\windows kits\10\include\10.0.17763.0\ucrt\tchar.h(1802): error C2760: syntax error: unexpected token ',', expected ')'
c:\program files (x86)\windows kits\10\include\10.0.17763.0\ucrt\tchar.h(1820): error C2760: syntax error: unexpected token ',', expected ')'
c:\program files (x86)\windows kits\10\include\10.0.17763.0\ucrt\tchar.h(1837): error C2760: syntax error: unexpected token ',', expected ')'
c:\program files (x86)\windows kits\10\include\10.0.17763.0\ucrt\tchar.h(1855): error C2760: syntax error: unexpected token ',', expected ')'
c:\program files (x86)\windows kits\10\include\10.0.17763.0\ucrt\tchar.h(1872): error C2760: syntax error: unexpected token ',', expected ')'
c:\program files (x86)\windows kits\10\include\10.0.17763.0\ucrt\tchar.h(1872): fatal error C1003: error count exceeds 100; stopping compilation
